#
# There is insufficient memory for the Java Runtime Environment to continue.
# Native memory allocation (malloc) failed to allocate 946656 bytes for Chunk::new
# Possible reasons:
#   The system is out of physical RAM or swap space
#   In 32 bit mode, the process size limit was hit
# Possible solutions:
#   Reduce memory load on the system
#   Increase physical memory or swap space
#   Check if swap backing store is full
#   Use 64 bit Java on a 64 bit OS
#   Decrease Java heap size (-Xmx/-Xms)
#   Decrease number of Java threads
#   Decrease Java thread stack sizes (-Xss)
#   Set larger code cache with -XX:ReservedCodeCacheSize=
# This output file may be truncated or incomplete.
#
#  Out of Memory Error (allocation.cpp:323), pid=8360, tid=8896
#
# JRE version: Java(TM) SE Runtime Environment (7.0_71-b14) (build 1.7.0_71-b14)
# Java VM: Java HotSpot(TM) 64-Bit Server VM (24.71-b01 mixed mode windows-amd64 compressed oops)
# Failed to write core dump. Minidumps are not enabled by default on client versions of Windows
#

---------------  T H R E A D  ---------------

Current thread (0x0000000009dc8000):  JavaThread "C2 CompilerThread1" daemon [_thread_in_native, id=8896, stack(0x000000000b620000,0x000000000b720000)]

Stack: [0x000000000b620000,0x000000000b720000]
[error occurred during error reporting (printing stack bounds), id 0xc0000005]


[error occurred during error reporting (printing native stack), id 0xc0000005]


Current CompileTask:
C2:   3822  261   !         com.android.dx.cf.code.Ropper::processBlock (1101 bytes)


---------------  P R O C E S S  ---------------

Java Threads: ( => current thread )
  0x0000000009dca000 JavaThread "Service Thread" daemon [_thread_blocked, id=3496, stack(0x000000000b7a0000,0x000000000b8a0000)]
=>0x0000000009dc8000 JavaThread "C2 CompilerThread1" daemon [_thread_in_native, id=8896, stack(0x000000000b620000,0x000000000b720000)]
  0x0000000008d1d000 JavaThread "C2 CompilerThread0" daemon [_thread_in_native, id=4620, stack(0x000000000b480000,0x000000000b580000)]
  0x0000000008d1c000 JavaThread "Attach Listener" daemon [_thread_blocked, id=6052, stack(0x000000000b380000,0x000000000b480000)]
  0x0000000009dc6000 JavaThread "Signal Dispatcher" daemon [_thread_blocked, id=4204, stack(0x000000000b230000,0x000000000b330000)]
  0x0000000008d01000 JavaThread "Finalizer" daemon [_thread_blocked, id=6172, stack(0x000000000b090000,0x000000000b190000)]
  0x00000000026e7800 JavaThread "Reference Handler" daemon [_thread_blocked, id=3700, stack(0x000000000af90000,0x000000000b090000)]
  0x000000000014e000 JavaThread "main" [_thread_in_Java, id=2792, stack(0x0000000002820000,0x0000000002920000)]

Other Threads:
  0x0000000008cfd800 VMThread [stack: 0x000000000ad00000,0x000000000ae00000] [id=6696]
  0x0000000009dd3800 WatcherThread [stack: 0x000000000b910000,0x000000000ba10000] [id=4572]

VM state:not at safepoint (normal execution)

VM Mutex/Monitor currently owned by a thread: None

Heap
 PSYoungGen      total 38400K, used 14026K [0x00000000eaa80000, 0x00000000ef580000, 0x0000000100000000)
  eden space 33280K, 26% used [0x00000000eaa80000,0x00000000eb334488,0x00000000ecb00000)
  from space 5120K, 99% used [0x00000000ecb00000,0x00000000ecffe520,0x00000000ed000000)
  to   space 5120K, 0% used [0x00000000ef080000,0x00000000ef080000,0x00000000ef580000)
 ParOldGen       total 86016K, used 1666K [0x00000000c0000000, 0x00000000c5400000, 0x00000000eaa80000)
  object space 86016K, 1% used [0x00000000c0000000,0x00000000c01a09c8,0x00000000c5400000)
 PSPermGen       total 21504K, used 5605K [0x00000000bae00000, 0x00000000bc300000, 0x00000000c0000000)
  object space 21504K, 26% used [0x00000000bae00000,0x00000000bb379718,0x00000000bc300000)

Card table byte_map: [0x0000000005920000,0x0000000005b50000] byte_map_base: 0x0000000005349000

Polling page: 0x0000000000130000

Code Cache  [0x0000000002920000, 0x0000000002b90000, 0x0000000005920000)
 total_blobs=495 nmethods=259 adapters=188 free_code_cache=48106Kb largest_free_block=49232960

Compilation events (10 events):
Event: 3.729 Thread 0x0000000009dc8000 nmethod 256 0x0000000002a25e50 code [0x0000000002a25fa0, 0x0000000002a26238]
Event: 3.729 Thread 0x0000000009dc8000  257             com.android.dx.ssa.SsaBasicBlock::getRopLabelSuccessorList (57 bytes)
Event: 3.740 Thread 0x0000000009dc8000 nmethod 257 0x0000000002a29650 code [0x0000000002a297e0, 0x0000000002a29ef8]
Event: 3.740 Thread 0x0000000009dc8000  258             java.util.TreeMap::getEntry (84 bytes)
Event: 3.753 Thread 0x0000000009dc8000 nmethod 258 0x0000000002a29290 code [0x0000000002a293e0, 0x0000000002a29518]
Event: 3.753 Thread 0x0000000009dc8000  259   !         com.android.dx.rop.cst.StdConstantPool::getOrNull (13 bytes)
Event: 3.754 Thread 0x0000000009dc8000 nmethod 259 0x0000000002a1d3d0 code [0x0000000002a1d500, 0x0000000002a1d598]
Event: 3.754 Thread 0x0000000009dc8000  260             com.android.dx.cf.code.Frame::getStack (5 bytes)
Event: 3.754 Thread 0x0000000009dc8000 nmethod 260 0x0000000002a0df50 code [0x0000000002a0e080, 0x0000000002a0e0d8]
Event: 3.754 Thread 0x0000000009dc8000  261   !         com.android.dx.cf.code.Ropper::processBlock (1101 bytes)

GC Heap History (2 events):
Event: 3.432 GC heap before
{Heap before GC invocations=1 (full 0):
 PSYoungGen      total 38400K, used 33280K [0x00000000eaa80000, 0x00000000ed500000, 0x0000000100000000)
  eden space 33280K, 100% used [0x00000000eaa80000,0x00000000ecb00000,0x00000000ecb00000)
  from space 5120K, 0% used [0x00000000ed000000,0x00000000ed000000,0x00000000ed500000)
  to   space 5120K, 0% used [0x00000000ecb00000,0x00000000ecb00000,0x00000000ed000000)
 ParOldGen       total 86016K, used 0K [0x00000000c0000000, 0x00000000c5400000, 0x00000000eaa80000)
  object space 86016K, 0% used [0x00000000c0000000,0x00000000c0000000,0x00000000c5400000)
 PSPermGen       total 21504K, used 5590K [0x00000000bae00000, 0x00000000bc300000, 0x00000000c0000000)
  object space 21504K, 25% used [0x00000000bae00000,0x00000000bb375bc8,0x00000000bc300000)
Event: 3.663 GC heap after
Heap after GC invocations=1 (full 0):
 PSYoungGen      total 38400K, used 5113K [0x00000000eaa80000, 0x00000000ef580000, 0x0000000100000000)
  eden space 33280K, 0% used [0x00000000eaa80000,0x00000000eaa80000,0x00000000ecb00000)
  from space 5120K, 99% used [0x00000000ecb00000,0x00000000ecffe520,0x00000000ed000000)
  to   space 5120K, 0% used [0x00000000ef080000,0x00000000ef080000,0x00000000ef580000)
 ParOldGen       total 86016K, used 1666K [0x00000000c0000000, 0x00000000c5400000, 0x00000000eaa80000)
  object space 86016K, 1% used [0x00000000c0000000,0x00000000c01a09c8,0x00000000c5400000)
 PSPermGen       total 21504K, used 5590K [0x00000000bae00000, 0x00000000bc300000, 0x00000000c0000000)
  object space 21504K, 25% used [0x00000000bae00000,0x00000000bb375bc8,0x00000000bc300000)
}

Deoptimization events (8 events):
Event: 2.243 Thread 0x000000000014e000 Uncommon trap: reason=class_check action=maybe_recompile pc=0x00000000029963d8 method=com.android.dx.ssa.NormalSsaInsn.accept(Lcom/android/dx/ssa/SsaInsn$Visitor;)V @ 9
Event: 2.243 Thread 0x000000000014e000 Uncommon trap: reason=class_check action=maybe_recompile pc=0x00000000029963d8 method=com.android.dx.ssa.NormalSsaInsn.accept(Lcom/android/dx/ssa/SsaInsn$Visitor;)V @ 9
Event: 2.243 Thread 0x000000000014e000 Uncommon trap: reason=class_check action=maybe_recompile pc=0x00000000029963d8 method=com.android.dx.ssa.NormalSsaInsn.accept(Lcom/android/dx/ssa/SsaInsn$Visitor;)V @ 9
Event: 2.243 Thread 0x000000000014e000 Uncommon trap: reason=class_check action=maybe_recompile pc=0x00000000029963d8 method=com.android.dx.ssa.NormalSsaInsn.accept(Lcom/android/dx/ssa/SsaInsn$Visitor;)V @ 9
Event: 2.272 Thread 0x000000000014e000 Uncommon trap: reason=null_check action=make_not_entrant pc=0x0000000002999148 method=com.android.dx.rop.code.LocalItem.equals(Ljava/lang/Object;)Z @ 1
Event: 2.985 Thread 0x000000000014e000 Uncommon trap: reason=null_check action=make_not_entrant pc=0x00000000029e14ac method=com.android.dx.rop.code.RegisterSpec.equals(Ljava/lang/Object;)Z @ 1
Event: 3.155 Thread 0x000000000014e000 Uncommon trap: reason=unreached action=reinterpret pc=0x00000000029ae210 method=com.android.dx.rop.code.RegisterSpec.equals(ILcom/android/dx/rop/type/TypeBearer;Lcom/android/dx/rop/code/LocalItem;)Z @ 31
Event: 3.431 Thread 0x000000000014e000 Uncommon trap: reason=null_check action=make_not_entrant pc=0x00000000029f18f8 method=com.android.dx.ssa.SsaRenamer.getLocalForNewReg(I)Lcom/android/dx/rop/code/LocalItem; @ 19

Internal exceptions (10 events):
Event: 2.385 Thread 0x000000000014e000 Threw 0x00000000eb69da68 at C:\re\jdk7u71\1605\hotspot\src\share\vm\prims\jvm.cpp:1281
Event: 2.444 Thread 0x000000000014e000 Threw 0x00000000eb7a1760 at C:\re\jdk7u71\1605\hotspot\src\share\vm\prims\jvm.cpp:1281
Event: 2.933 Thread 0x000000000014e000 Threw 0x00000000ec0b8120 at C:\re\jdk7u71\1605\hotspot\src\share\vm\prims\jvm.cpp:1281
Event: 2.985 Thread 0x000000000014e000 Implicit null exception at 0x00000000029e052a to 0x00000000029e1481
Event: 3.155 Thread 0x000000000014e000 Implicit null exception at 0x00000000029ade5c to 0x00000000029ae1f9
Event: 3.269 Thread 0x000000000014e000 Threw 0x00000000ec900688 at C:\re\jdk7u71\1605\hotspot\src\share\vm\prims\jvm.cpp:1281
Event: 3.269 Thread 0x000000000014e000 Threw 0x00000000ec902790 at C:\re\jdk7u71\1605\hotspot\src\share\vm\prims\jvm.cpp:1281
Event: 3.271 Thread 0x000000000014e000 Threw 0x00000000ec90c640 at C:\re\jdk7u71\1605\hotspot\src\share\vm\prims\jvm.cpp:1281
Event: 3.272 Thread 0x000000000014e000 Threw 0x00000000ec90e9d8 at C:\re\jdk7u71\1605\hotspot\src\share\vm\prims\jvm.cpp:1281
Event: 3.431 Thread 0x000000000014e000 Implicit null exception at 0x00000000029f0145 to 0x00000000029f18c5

Events (10 events):
Event: 3.269 loading class 0x0000000009e5e1f0 done
Event: 3.271 loading class 0x0000000009e52f70
Event: 3.271 loading class 0x0000000009e52f70 done
Event: 3.272 loading class 0x000000000a07fcd0
Event: 3.272 loading class 0x000000000a07fcd0 done
Event: 3.431 Thread 0x000000000014e000 Uncommon trap: trap_request=0xfffffff4 fr.pc=0x00000000029f18f8
Event: 3.431 Thread 0x000000000014e000 DEOPT PACKING pc=0x00000000029f18f8 sp=0x000000000291e8b0
Event: 3.431 Thread 0x000000000014e000 DEOPT UNPACKING pc=0x00000000029575a4 sp=0x000000000291e648 mode 2
Event: 3.431 Executing VM operation: ParallelGCFailedAllocation
Event: 3.663 Executing VM operation: ParallelGCFailedAllocation done


Dynamic libraries:
0x000000013f980000 - 0x000000013f9b3000 	C:\Program Files\Java\jdk1.7.0_71\bin\java.exe
0x0000000077030000 - 0x00000000771d8000 	C:\Windows\SYSTEM32\ntdll.dll
0x0000000076e10000 - 0x0000000076f2f000 	C:\Windows\system32\kernel32.dll
0x000007fefce50000 - 0x000007fefcebc000 	C:\Windows\system32\KERNELBASE.dll
0x000007fefd1b0000 - 0x000007fefd28b000 	C:\Windows\system32\ADVAPI32.dll
0x000007fefe940000 - 0x000007fefe9df000 	C:\Windows\system32\msvcrt.dll
0x000007fefe610000 - 0x000007fefe62f000 	C:\Windows\SYSTEM32\sechost.dll
0x000007fefe730000 - 0x000007fefe85d000 	C:\Windows\system32\RPCRT4.dll
0x0000000076f30000 - 0x000000007702a000 	C:\Windows\system32\USER32.dll
0x000007fefef30000 - 0x000007fefef97000 	C:\Windows\system32\GDI32.dll
0x000007fefe720000 - 0x000007fefe72e000 	C:\Windows\system32\LPK.dll
0x000007fefe270000 - 0x000007fefe339000 	C:\Windows\system32\USP10.dll
0x000007fefb580000 - 0x000007fefb774000 	C:\Windows\WinSxS\amd64_microsoft.windows.common-controls_6595b64144ccf1df_6.0.7601.17514_none_fa396087175ac9ac\COMCTL32.dll
0x000007feff2c0000 - 0x000007feff331000 	C:\Windows\system32\SHLWAPI.dll
0x000007fefe550000 - 0x000007fefe57e000 	C:\Windows\system32\IMM32.DLL
0x000007feff020000 - 0x000007feff129000 	C:\Windows\system32\MSCTF.dll
0x000007fefcd20000 - 0x000007fefcd60000 	C:\Windows\system32\nvinitx.dll
0x0000000061de0000 - 0x0000000061eb2000 	C:\Program Files\Java\jdk1.7.0_71\jre\bin\msvcr100.dll
0x0000000065560000 - 0x0000000065d33000 	C:\Program Files\Java\jdk1.7.0_71\jre\bin\server\jvm.dll
0x000007fef2d50000 - 0x000007fef2d59000 	C:\Windows\system32\WSOCK32.dll
0x000007fefe6d0000 - 0x000007fefe71d000 	C:\Windows\system32\WS2_32.dll
0x000007fefe5e0000 - 0x000007fefe5e8000 	C:\Windows\system32\NSI.dll
0x000007fef93b0000 - 0x000007fef93eb000 	C:\Windows\system32\WINMM.dll
0x00000000771f0000 - 0x00000000771f7000 	C:\Windows\system32\PSAPI.DLL
0x0000000070100000 - 0x000000007010f000 	C:\Program Files\Java\jdk1.7.0_71\jre\bin\verify.dll
0x00000000700d0000 - 0x00000000700f8000 	C:\Program Files\Java\jdk1.7.0_71\jre\bin\java.dll
0x00000000700b0000 - 0x00000000700c5000 	C:\Program Files\Java\jdk1.7.0_71\jre\bin\zip.dll
0x0000000070090000 - 0x00000000700a9000 	C:\Program Files\Java\jdk1.7.0_71\jre\bin\net.dll
0x000007fefc550000 - 0x000007fefc5a5000 	C:\Windows\system32\mswsock.dll
0x000007fefc540000 - 0x000007fefc547000 	C:\Windows\System32\wship6.dll
0x0000000070070000 - 0x0000000070081000 	C:\Program Files\Java\jdk1.7.0_71\jre\bin\nio.dll

VM Arguments:
jvm_args: -Xmx1024M -Dfile.encoding=x-windows-949 -Duser.country=KR -Duser.language=ko -Duser.variant 
java_command: com.android.dx.command.Main --dex --output C:\Users\Administrator\AndroidStudioProjects\AutoAttendanceSystems\app\build\intermediates\pre-dexed\debug\socketio-278ace5be9dd1d6cdc667abaab48bf2639a13c18.jar C:\Users\Administrator\AndroidStudioProjects\AutoAttendanceSystems\socketio\socketio.jar
Launcher Type: SUN_STANDARD

Environment Variables:
JAVA_HOME=C:\Program Files\Java\jdk1.7.0_71
CLASSPATH=C:\Program Files\Java\jdk1.7.0_71\lib;C:\Program Files (x86)\JMF2.1.1e\lib;.;
PATH=C:\Program Files (x86)\HP SimplePass\;C:\Program Files (x86)\NVIDIA Corporation\PhysX\Common;C:\Windows\system32;C:\Windows;C:\Windows\System32\Wbem;C:\Windows\System32\WindowsPowerShell\v1.0\;C:\Program Files\Java\jdk1.7.0_71\bin;C:\Program Files\nodejs\;C:\Program Files (x86)\Windows Kits\8.1\Windows Performance Toolkit\;C:\Program Files\Microsoft SQL Server\110\Tools\Binn\;C:\Program Files (x86)\Microsoft SDKs\TypeScript\1.0\;C:\Program Files\Microsoft SQL Server\120\Tools\Binn\;C:\Users\Administrator\AppData\Roaming\npm
USERNAME=Administrator
OS=Windows_NT
PROCESSOR_IDENTIFIER=Intel64 Family 6 Model 58 Stepping 9, GenuineIntel



---------------  S Y S T E M  ---------------

OS: Windows 7 , 64 bit Build 7601 Service Pack 1

CPU:total 8 (4 cores per cpu, 2 threads per core) family 6 model 58 stepping 9, cmov, cx8, fxsr, mmx, sse, sse2, sse3, ssse3, sse4.1, sse4.2, popcnt, avx, aes, erms, ht, tsc, tscinvbit, tscinv

Memory: 4k page, physical 8281404k(2076440k free), swap 8279552k(7664k free)

vm_info: Java HotSpot(TM) 64-Bit Server VM (24.71-b01) for windows-amd64 JRE (1.7.0_71-b14), built on Sep 26 2014 16:16:12 by "java_re" with unknown MS VC++:1600

time: Sat Jun 06 21:06:01 2015
elapsed time: 3 seconds

